<?xml version="1.0" encoding="UTF-8"?>
<testng-results skipped="0" failed="0" ignored="0" total="1" passed="1">
  <reporter-output>
  </reporter-output>
  <suite name="Amazon E-Commerce" duration-ms="4341" started-at="2017-01-12T00:55:18Z" finished-at="2017-01-12T00:55:22Z">
    <groups>
    </groups>
    <test name="Amazon Search" duration-ms="4341" started-at="2017-01-12T00:55:18Z" finished-at="2017-01-12T00:55:22Z">
      <class name="page.TestHomeAmazon">
        <test-method status="PASS" signature="setUp(boolean, java.lang.String, java.lang.String, java.lang.String, java.lang.String, java.lang.String, java.lang.String)[pri:0, instance:page.TestHomeAmazon@2ef9b8bc]" name="setUp" is-config="true" duration-ms="4182" started-at="2017-01-11T19:55:18Z" finished-at="2017-01-11T19:55:22Z">
          <params>
            <param index="0">
              <value>
                <![CDATA[false]]>
              </value>
            </param>
            <param index="1">
              <value>
                <![CDATA[]]>
              </value>
            </param>
            <param index="2">
              <value>
                <![CDATA[]]>
              </value>
            </param>
            <param index="3">
              <value>
                <![CDATA[Mac]]>
              </value>
            </param>
            <param index="4">
              <value>
                <![CDATA[chrome]]>
              </value>
            </param>
            <param index="5">
              <value>
                <![CDATA[50.0]]>
              </value>
            </param>
            <param index="6">
              <value>
                <![CDATA[https://www.amazon.com]]>
              </value>
            </param>
          </params>
          <reporter-output>
          </reporter-output>
        </test-method> <!-- setUp -->
        <test-method status="PASS" signature="TestHome()[pri:0, instance:page.TestHomeAmazon@2ef9b8bc]" name="TestHome" duration-ms="1" started-at="2017-01-11T19:55:22Z" finished-at="2017-01-11T19:55:22Z">
          <reporter-output>
          </reporter-output>
        </test-method> <!-- TestHome -->
        <test-method status="PASS" signature="tearDown()[pri:0, instance:page.TestHomeAmazon@2ef9b8bc]" name="tearDown" is-config="true" duration-ms="142" started-at="2017-01-11T19:55:22Z" finished-at="2017-01-11T19:55:22Z">
          <reporter-output>
          </reporter-output>
        </test-method> <!-- tearDown -->
      </class> <!-- page.TestHomeAmazon -->
    </test> <!-- Amazon Search -->
  </suite> <!-- Amazon E-Commerce -->
</testng-results>
